<?xml version="1.0" encoding="UTF-8"?>
<!-- Generated by org.testng.reporters.JUnitXMLReporter -->
<testsuite ignored="9" hostname="Srujans-MBP" failures="0" tests="4" name="FBObjectVerification" time="41.482" errors="0" timestamp="15 Jul 2019 13:57:15 GMT">
  <testcase classname="com.uiAutomatiom.testScript.FBHomePageObjectsVerfication" name="FacebookHomePageObjectsVerfication" time="3.883"/>
  <testcase classname="com.uiAutomatiom.testScript.FBInstagramPageObjectsVerfication" name="FacebookHomePageObjectsVerfication" time="11.202"/>
  <testcase classname="com.uiAutomatiom.testScript.FBPeoplePageObjectsVerfication" name="FacebookHomePageObjectsVerfication" time="12.409"/>
  <testcase classname="com.uiAutomatiom.testScript.FBSignUpPageObjectsVerification" name="LoginTest" time="3.664"/>
  <testcase classname="com.uiAutomatiom.TestBase.TestBase" name="@BeforeTest beforeTest" time="0.0">
    <ignored/>
  </testcase> <!-- @BeforeTest beforeTest -->
  <testcase classname="com.uiAutomatiom.TestBase.TestBase" name="@BeforeTest beforeTest" time="0.0">
    <ignored/>
  </testcase> <!-- @BeforeTest beforeTest -->
  <testcase classname="com.uiAutomatiom.TestBase.TestBase" name="@BeforeTest beforeTest" time="0.0">
    <ignored/>
  </testcase> <!-- @BeforeTest beforeTest -->
  <testcase classname="com.uiAutomatiom.TestBase.TestBase" name="@AfterTest afterTest" time="0.0">
    <ignored/>
  </testcase> <!-- @AfterTest afterTest -->
  <testcase classname="com.uiAutomatiom.TestBase.TestBase" name="@AfterTest afterTest" time="0.0">
    <ignored/>
  </testcase> <!-- @AfterTest afterTest -->
  <testcase classname="com.uiAutomatiom.TestBase.TestBase" name="@AfterTest afterTest" time="0.0">
    <ignored/>
  </testcase> <!-- @AfterTest afterTest -->
  <testcase classname="com.uiAutomatiom.TestBase.TestBase" name="@BeforeSuite beforeSuite" time="0.0">
    <ignored/>
  </testcase> <!-- @BeforeSuite beforeSuite -->
  <testcase classname="com.uiAutomatiom.TestBase.TestBase" name="@BeforeSuite beforeSuite" time="0.0">
    <ignored/>
  </testcase> <!-- @BeforeSuite beforeSuite -->
  <testcase classname="com.uiAutomatiom.TestBase.TestBase" name="@BeforeSuite beforeSuite" time="0.0">
    <ignored/>
  </testcase> <!-- @BeforeSuite beforeSuite -->
</testsuite> <!-- FBObjectVerification -->
