<?xml version="1.0" encoding="UTF-8"?>
<!-- Generated by org.testng.reporters.JUnitXMLReporter -->
<testsuite hostname="UCG-NZWKS-WV08" ignored="27" name="Stevo" tests="10" failures="0" timestamp="27 Nov 2018 06:14:54 GMT" time="267.947" errors="0">
  <testcase name="LoginTest" time="13.82" classname="com.uiAutomatiom.testScript.LoginTest"/>
  <testcase name="workItemsObjectsVerifications" time="25.387" classname="com.uiAutomatiom.testScript.workItemsObjectsVerifications"/>
  <testcase name="SitesAndJobsObjectsVerifications" time="21.151" classname="com.uiAutomatiom.testScript.SitesandJobsObjectsVerification"/>
  <testcase name="CommercialObjectsVerifications" time="22.378" classname="com.uiAutomatiom.testScript.CommercialObjectsVerification"/>
  <testcase name="RCTIObjectsVerifications" time="22.914" classname="com.uiAutomatiom.testScript.RCTIObjectsVerification"/>
  <testcase name="AdministrationObjectsVerifications" time="21.268" classname="com.uiAutomatiom.testScript.AdministrationObjectsVerification"/>
  <testcase name="HSEQObjectsVerifications" time="22.98" classname="com.uiAutomatiom.testScript.HSEQObjectsVerification"/>
  <testcase name="DeliveryPartnersObjectsVerifications" time="21.4" classname="com.uiAutomatiom.testScript.DeliveryPartnersObjectsVerification"/>
  <testcase name="ScheduleOfRatesObjectsVerifications" time="20.809" classname="com.uiAutomatiom.testScript.ScheduleOfRatesObjectsVerification"/>
  <testcase name="MaterialObjectsVerifications" time="21.555" classname="com.uiAutomatiom.testScript.MaterialObjectsVerification"/>
  <testcase name="@BeforeSuite beforeSuite" time="0.0" classname="com.uiAutomatiom.TestBase.TestBase">
    <ignored/>
  </testcase> <!-- @BeforeSuite beforeSuite -->
  <testcase name="@BeforeSuite beforeSuite" time="0.0" classname="com.uiAutomatiom.TestBase.TestBase">
    <ignored/>
  </testcase> <!-- @BeforeSuite beforeSuite -->
  <testcase name="@BeforeSuite beforeSuite" time="0.0" classname="com.uiAutomatiom.TestBase.TestBase">
    <ignored/>
  </testcase> <!-- @BeforeSuite beforeSuite -->
  <testcase name="@BeforeSuite beforeSuite" time="0.0" classname="com.uiAutomatiom.TestBase.TestBase">
    <ignored/>
  </testcase> <!-- @BeforeSuite beforeSuite -->
  <testcase name="@BeforeSuite beforeSuite" time="0.0" classname="com.uiAutomatiom.TestBase.TestBase">
    <ignored/>
  </testcase> <!-- @BeforeSuite beforeSuite -->
  <testcase name="@BeforeSuite beforeSuite" time="0.0" classname="com.uiAutomatiom.TestBase.TestBase">
    <ignored/>
  </testcase> <!-- @BeforeSuite beforeSuite -->
  <testcase name="@BeforeSuite beforeSuite" time="0.0" classname="com.uiAutomatiom.TestBase.TestBase">
    <ignored/>
  </testcase> <!-- @BeforeSuite beforeSuite -->
  <testcase name="@BeforeSuite beforeSuite" time="0.0" classname="com.uiAutomatiom.TestBase.TestBase">
    <ignored/>
  </testcase> <!-- @BeforeSuite beforeSuite -->
  <testcase name="@BeforeSuite beforeSuite" time="0.0" classname="com.uiAutomatiom.TestBase.TestBase">
    <ignored/>
  </testcase> <!-- @BeforeSuite beforeSuite -->
  <testcase name="@BeforeTest beforeTest" time="0.0" classname="com.uiAutomatiom.TestBase.TestBase">
    <ignored/>
  </testcase> <!-- @BeforeTest beforeTest -->
  <testcase name="@BeforeTest beforeTest" time="0.0" classname="com.uiAutomatiom.TestBase.TestBase">
    <ignored/>
  </testcase> <!-- @BeforeTest beforeTest -->
  <testcase name="@BeforeTest beforeTest" time="0.0" classname="com.uiAutomatiom.TestBase.TestBase">
    <ignored/>
  </testcase> <!-- @BeforeTest beforeTest -->
  <testcase name="@BeforeTest beforeTest" time="0.0" classname="com.uiAutomatiom.TestBase.TestBase">
    <ignored/>
  </testcase> <!-- @BeforeTest beforeTest -->
  <testcase name="@BeforeTest beforeTest" time="0.0" classname="com.uiAutomatiom.TestBase.TestBase">
    <ignored/>
  </testcase> <!-- @BeforeTest beforeTest -->
  <testcase name="@BeforeTest beforeTest" time="0.0" classname="com.uiAutomatiom.TestBase.TestBase">
    <ignored/>
  </testcase> <!-- @BeforeTest beforeTest -->
  <testcase name="@BeforeTest beforeTest" time="0.0" classname="com.uiAutomatiom.TestBase.TestBase">
    <ignored/>
  </testcase> <!-- @BeforeTest beforeTest -->
  <testcase name="@BeforeTest beforeTest" time="0.0" classname="com.uiAutomatiom.TestBase.TestBase">
    <ignored/>
  </testcase> <!-- @BeforeTest beforeTest -->
  <testcase name="@BeforeTest beforeTest" time="0.0" classname="com.uiAutomatiom.TestBase.TestBase">
    <ignored/>
  </testcase> <!-- @BeforeTest beforeTest -->
  <testcase name="@AfterTest afterTest" time="0.0" classname="com.uiAutomatiom.TestBase.TestBase">
    <ignored/>
  </testcase> <!-- @AfterTest afterTest -->
  <testcase name="@AfterTest afterTest" time="0.0" classname="com.uiAutomatiom.TestBase.TestBase">
    <ignored/>
  </testcase> <!-- @AfterTest afterTest -->
  <testcase name="@AfterTest afterTest" time="0.0" classname="com.uiAutomatiom.TestBase.TestBase">
    <ignored/>
  </testcase> <!-- @AfterTest afterTest -->
  <testcase name="@AfterTest afterTest" time="0.0" classname="com.uiAutomatiom.TestBase.TestBase">
    <ignored/>
  </testcase> <!-- @AfterTest afterTest -->
  <testcase name="@AfterTest afterTest" time="0.0" classname="com.uiAutomatiom.TestBase.TestBase">
    <ignored/>
  </testcase> <!-- @AfterTest afterTest -->
  <testcase name="@AfterTest afterTest" time="0.0" classname="com.uiAutomatiom.TestBase.TestBase">
    <ignored/>
  </testcase> <!-- @AfterTest afterTest -->
  <testcase name="@AfterTest afterTest" time="0.0" classname="com.uiAutomatiom.TestBase.TestBase">
    <ignored/>
  </testcase> <!-- @AfterTest afterTest -->
  <testcase name="@AfterTest afterTest" time="0.0" classname="com.uiAutomatiom.TestBase.TestBase">
    <ignored/>
  </testcase> <!-- @AfterTest afterTest -->
  <testcase name="@AfterTest afterTest" time="0.0" classname="com.uiAutomatiom.TestBase.TestBase">
    <ignored/>
  </testcase> <!-- @AfterTest afterTest -->
</testsuite> <!-- Stevo -->
