<?xml version="1.0" encoding="UTF-8"?>
<!-- Generated by org.testng.reporters.JUnitXMLReporter -->
<testsuite ignored="9" hostname="Srujans-MBP" failures="1" tests="4" name="StevoObjectVerification" time="45.329" errors="0" timestamp="13 Jul 2019 13:50:30 GMT">
  <testcase classname="com.uiAutomatiom.testScript.FBHomePageObjectsVerfication" name="FacebookHomePageObjectsVerfication" time="4.158"/>
  <testcase classname="com.uiAutomatiom.testScript.FBInstagramPageObjectsVerfication" name="FacebookHomePageObjectsVerfication" time="11.058"/>
  <testcase classname="com.uiAutomatiom.testScript.FBPeoplePageObjectsVerfication" name="FacebookHomePageObjectsVerfication" time="13.569">
    <failure type="java.lang.NullPointerException">
      <![CDATA[java.lang.NullPointerException
	at com.uiAutomatiom.helper.window.WindowHelper.navigateBack(WindowHelper.java:113)
	at com.uiAutomatiom.testScript.FBPeoplePageObjectsVerfication.FacebookHomePageObjectsVerfication(FBPeoplePageObjectsVerfication.java:85)
... Removed 25 stack frames]]>
    </failure>
  </testcase> <!-- FacebookHomePageObjectsVerfication -->
  <testcase classname="com.uiAutomatiom.testScript.FBSignUpPageObjectsVerification" name="LoginTest" time="4.286"/>
  <testcase classname="com.uiAutomatiom.TestBase.TestBase" name="@BeforeTest beforeTest" time="0.0">
    <ignored/>
  </testcase> <!-- @BeforeTest beforeTest -->
  <testcase classname="com.uiAutomatiom.TestBase.TestBase" name="@BeforeTest beforeTest" time="0.0">
    <ignored/>
  </testcase> <!-- @BeforeTest beforeTest -->
  <testcase classname="com.uiAutomatiom.TestBase.TestBase" name="@BeforeTest beforeTest" time="0.0">
    <ignored/>
  </testcase> <!-- @BeforeTest beforeTest -->
  <testcase classname="com.uiAutomatiom.TestBase.TestBase" name="@AfterTest afterTest" time="0.0">
    <ignored/>
  </testcase> <!-- @AfterTest afterTest -->
  <testcase classname="com.uiAutomatiom.TestBase.TestBase" name="@AfterTest afterTest" time="0.0">
    <ignored/>
  </testcase> <!-- @AfterTest afterTest -->
  <testcase classname="com.uiAutomatiom.TestBase.TestBase" name="@AfterTest afterTest" time="0.0">
    <ignored/>
  </testcase> <!-- @AfterTest afterTest -->
  <testcase classname="com.uiAutomatiom.TestBase.TestBase" name="@BeforeSuite beforeSuite" time="0.0">
    <ignored/>
  </testcase> <!-- @BeforeSuite beforeSuite -->
  <testcase classname="com.uiAutomatiom.TestBase.TestBase" name="@BeforeSuite beforeSuite" time="0.0">
    <ignored/>
  </testcase> <!-- @BeforeSuite beforeSuite -->
  <testcase classname="com.uiAutomatiom.TestBase.TestBase" name="@BeforeSuite beforeSuite" time="0.0">
    <ignored/>
  </testcase> <!-- @BeforeSuite beforeSuite -->
</testsuite> <!-- StevoObjectVerification -->
