<?xml version="1.0" encoding="UTF-8"?>
<!-- Generated by org.testng.reporters.JUnitXMLReporter -->
<testsuite hostname="pc-PC" ignored="0" name="Second test" tests="2" failures="1" timestamp="15 Nov 2018 08:16:18 GMT" time="0.033" errors="0">
  <testcase name="Test1B" time="0.004" classname="com.uiAutomatiom.B">
    <failure type="java.lang.AssertionError" message="expected [false] but found [true]">
      <![CDATA[java.lang.AssertionError: expected [false] but found [true]
	at com.uiAutomatiom.B.Test1B(B.java:10)
... Removed 31 stack frames]]>
    </failure>
  </testcase> <!-- Test1B -->
  <testcase name="Test2" time="0.002" classname="com.uiAutomatiom.B"/>
</testsuite> <!-- Second test -->
